<?xml version="1.0" encoding="UTF-8"?>
<testsuite xmlns:xsi="http://www.w3.org/2001/XMLSchema-instance" xsi:noNamespaceSchemaLocation="https://maven.apache.org/surefire/maven-surefire-plugin/xsd/surefire-test-report.xsd" name="info.oais.oaisif.packagevalidator.PackageValidatorTest" time="0.628" tests="5" errors="0" skipped="0" failures="0">
  <properties>
[...]
</properties>
  <testcase name="testValidateFile_MissingRequiredFields" classname="info.oais.oaisif.packagevalidator.PackageValidatorTest" time="0.58"/>
  <testcase name="testValidateFile_EmptyInfoObjectID" classname="info.oais.oaisif.packagevalidator.PackageValidatorTest" time="0.005"/>
  <testcase name="testValidateFile_EmptyPackageType" classname="info.oais.oaisif.packagevalidator.PackageValidatorTest" time="0.006"/>
  <testcase name="testValidateFile_EmptyFile" classname="info.oais.oaisif.packagevalidator.PackageValidatorTest" time="0.006"/>
  <testcase name="testValidateFile_InvalidVersionFormat" classname="info.oais.oaisif.packagevalidator.PackageValidatorTest" time="0.007"/>
</testsuite>